   1              	 .cpu cortex-m0
   2              	 .fpu softvfp
   3              	 .eabi_attribute 20,1
   4              	 .eabi_attribute 21,1
   5              	 .eabi_attribute 23,3
   6              	 .eabi_attribute 24,1
   7              	 .eabi_attribute 25,1
   8              	 .eabi_attribute 26,1
   9              	 .eabi_attribute 30,2
  10              	 .eabi_attribute 34,0
  11              	 .eabi_attribute 18,4
  12              	 .code 16
  13              	 .file "xmc1_gpio.c"
  14              	 .text
  15              	.Ltext0:
  16              	 .cfi_sections .debug_frame
  17              	 .section .text.XMC_GPIO_Init,"ax",%progbits
  18              	 .align 2
  19              	 .global XMC_GPIO_Init
  20              	 .code 16
  21              	 .thumb_func
  23              	XMC_GPIO_Init:
  24              	.LFB49:
  25              	 .file 1 "../Libraries/XMCLib/src/xmc1_gpio.c"
   1:../Libraries/XMCLib/src/xmc1_gpio.c **** /**
   2:../Libraries/XMCLib/src/xmc1_gpio.c ****  * @file xmc1_gpio.c
   3:../Libraries/XMCLib/src/xmc1_gpio.c ****  * @date 2015-06-20
   4:../Libraries/XMCLib/src/xmc1_gpio.c ****  *
   5:../Libraries/XMCLib/src/xmc1_gpio.c ****  * @cond
   6:../Libraries/XMCLib/src/xmc1_gpio.c ****   *************************************************************************************************
   7:../Libraries/XMCLib/src/xmc1_gpio.c ****  * XMClib v2.1.6 - XMC Peripheral Driver Library 
   8:../Libraries/XMCLib/src/xmc1_gpio.c ****  *
   9:../Libraries/XMCLib/src/xmc1_gpio.c ****  * Copyright (C) 2015-2019 Infineon Technologies AG
  10:../Libraries/XMCLib/src/xmc1_gpio.c ****  * All rights reserved.                        
  11:../Libraries/XMCLib/src/xmc1_gpio.c ****  *                                             
  12:../Libraries/XMCLib/src/xmc1_gpio.c ****  * Redistribution and use in source and binary forms, with or without modification,are permitted pr
  13:../Libraries/XMCLib/src/xmc1_gpio.c ****  * following conditions are met:   
  14:../Libraries/XMCLib/src/xmc1_gpio.c ****  *                                                                              
  15:../Libraries/XMCLib/src/xmc1_gpio.c ****  * Redistributions of source code must retain the above copyright notice, this list of conditions a
  16:../Libraries/XMCLib/src/xmc1_gpio.c ****  * disclaimer.                        
  17:../Libraries/XMCLib/src/xmc1_gpio.c ****  * 
  18:../Libraries/XMCLib/src/xmc1_gpio.c ****  * Redistributions in binary form must reproduce the above copyright notice, this list of condition
  19:../Libraries/XMCLib/src/xmc1_gpio.c ****  * disclaimer in the documentation and/or other materials provided with the distribution.          
  20:../Libraries/XMCLib/src/xmc1_gpio.c ****  * 
  21:../Libraries/XMCLib/src/xmc1_gpio.c ****  * Neither the name of the copyright holders nor the names of its contributors may be used to endor
  22:../Libraries/XMCLib/src/xmc1_gpio.c ****  * products derived from this software without specific prior written permission.                  
  23:../Libraries/XMCLib/src/xmc1_gpio.c ****  *                                                                              
  24:../Libraries/XMCLib/src/xmc1_gpio.c ****  * THIS SOFTWARE IS PROVIDED BY THE COPYRIGHT HOLDERS AND CONTRIBUTORS "AS IS" AND ANY EXPRESS OR I
  25:../Libraries/XMCLib/src/xmc1_gpio.c ****  * INCLUDING, BUT NOT LIMITED TO, THE IMPLIED WARRANTIES OF MERCHANTABILITY AND FITNESS FOR A PARTI
  26:../Libraries/XMCLib/src/xmc1_gpio.c ****  * DISCLAIMED. IN NO EVENT SHALL THE COPYRIGHT HOLDER OR CONTRIBUTORS BE LIABLE  FOR ANY DIRECT, IN
  27:../Libraries/XMCLib/src/xmc1_gpio.c ****  * SPECIAL, EXEMPLARY, OR CONSEQUENTIAL DAMAGES (INCLUDING, BUT NOT LIMITED TO, PROCUREMENT OF SUBS
  28:../Libraries/XMCLib/src/xmc1_gpio.c ****  * SERVICES; LOSS OF USE, DATA, OR PROFITS; OR BUSINESS INTERRUPTION) HOWEVER CAUSED AND ON ANY THE
  29:../Libraries/XMCLib/src/xmc1_gpio.c ****  * WHETHER IN CONTRACT, STRICT LIABILITY,OR TORT (INCLUDING NEGLIGENCE OR OTHERWISE) ARISING IN ANY
  30:../Libraries/XMCLib/src/xmc1_gpio.c ****  * OF THIS SOFTWARE, EVEN IF ADVISED OF THE POSSIBILITY OF SUCH DAMAGE.                            
  31:../Libraries/XMCLib/src/xmc1_gpio.c ****  *                                                                              
  32:../Libraries/XMCLib/src/xmc1_gpio.c ****  * To improve the quality of the software, users are encouraged to share modifications, enhancement
  33:../Libraries/XMCLib/src/xmc1_gpio.c ****  * Infineon Technologies AG dave@infineon.com).                                                    
  34:../Libraries/XMCLib/src/xmc1_gpio.c ****  **************************************************************************************************
  35:../Libraries/XMCLib/src/xmc1_gpio.c ****  *
  36:../Libraries/XMCLib/src/xmc1_gpio.c ****  * Change History
  37:../Libraries/XMCLib/src/xmc1_gpio.c ****  * --------------
  38:../Libraries/XMCLib/src/xmc1_gpio.c ****  *
  39:../Libraries/XMCLib/src/xmc1_gpio.c ****  * 2015-02-20:
  40:../Libraries/XMCLib/src/xmc1_gpio.c ****  *     - Initial draft <br>
  41:../Libraries/XMCLib/src/xmc1_gpio.c ****  *      
  42:../Libraries/XMCLib/src/xmc1_gpio.c ****  * 2015-06-20:
  43:../Libraries/XMCLib/src/xmc1_gpio.c ****  *     - Removed version macros and declaration of GetDriverVersion API
  44:../Libraries/XMCLib/src/xmc1_gpio.c ****  *
  45:../Libraries/XMCLib/src/xmc1_gpio.c ****  * @endcond
  46:../Libraries/XMCLib/src/xmc1_gpio.c ****  *
  47:../Libraries/XMCLib/src/xmc1_gpio.c ****  */
  48:../Libraries/XMCLib/src/xmc1_gpio.c **** 
  49:../Libraries/XMCLib/src/xmc1_gpio.c **** #include "xmc_gpio.h"
  50:../Libraries/XMCLib/src/xmc1_gpio.c **** 
  51:../Libraries/XMCLib/src/xmc1_gpio.c **** #if UC_FAMILY == XMC1
  52:../Libraries/XMCLib/src/xmc1_gpio.c **** 
  53:../Libraries/XMCLib/src/xmc1_gpio.c **** /*******************************************************************************
  54:../Libraries/XMCLib/src/xmc1_gpio.c ****  * MACROS
  55:../Libraries/XMCLib/src/xmc1_gpio.c ****  *******************************************************************************/
  56:../Libraries/XMCLib/src/xmc1_gpio.c **** 
  57:../Libraries/XMCLib/src/xmc1_gpio.c **** #define PORT_PHCR_Msk             PORT0_PHCR0_PH0_Msk
  58:../Libraries/XMCLib/src/xmc1_gpio.c **** #define PORT_PHCR_Size            PORT0_PHCR0_PH0_Msk
  59:../Libraries/XMCLib/src/xmc1_gpio.c **** #define PORT_HWSEL_Msk            PORT0_HWSEL_HW0_Msk
  60:../Libraries/XMCLib/src/xmc1_gpio.c **** 
  61:../Libraries/XMCLib/src/xmc1_gpio.c **** /*******************************************************************************
  62:../Libraries/XMCLib/src/xmc1_gpio.c ****  * API IMPLEMENTATION
  63:../Libraries/XMCLib/src/xmc1_gpio.c ****  *******************************************************************************/
  64:../Libraries/XMCLib/src/xmc1_gpio.c **** 
  65:../Libraries/XMCLib/src/xmc1_gpio.c **** void XMC_GPIO_Init(XMC_GPIO_PORT_t *const port, const uint8_t pin, const XMC_GPIO_CONFIG_t *const c
  66:../Libraries/XMCLib/src/xmc1_gpio.c **** {
  26              	 .loc 1 66 0
  27              	 .cfi_startproc
  28              	.LVL0:
  29 0000 F0B5     	 push {r4,r5,r6,r7,lr}
  30              	.LCFI0:
  31              	 .cfi_def_cfa_offset 20
  32              	 .cfi_offset 4,-20
  33              	 .cfi_offset 5,-16
  34              	 .cfi_offset 6,-12
  35              	 .cfi_offset 7,-8
  36              	 .cfi_offset 14,-4
  67:../Libraries/XMCLib/src/xmc1_gpio.c ****   XMC_ASSERT("XMC_GPIO_Init: Invalid port", XMC_GPIO_CHECK_PORT(port));
  68:../Libraries/XMCLib/src/xmc1_gpio.c ****   XMC_ASSERT("XMC_GPIO_Init: Invalid mode", XMC_GPIO_IsModeValid(config->mode));
  69:../Libraries/XMCLib/src/xmc1_gpio.c ****   XMC_ASSERT("XMC_GPIO_Init: Invalid input hysteresis", XMC_GPIO_CHECK_INPUT_HYSTERESIS(config->inp
  70:../Libraries/XMCLib/src/xmc1_gpio.c ****   
  71:../Libraries/XMCLib/src/xmc1_gpio.c ****   /* Switch to input */
  72:../Libraries/XMCLib/src/xmc1_gpio.c ****   port->IOCR[pin >> 2U] &= ~(uint32_t)((uint32_t)PORT_IOCR_PC_Msk << (PORT_IOCR_PC_Size * (pin & 0x
  37              	 .loc 1 72 0
  38 0002 0324     	 mov r4,#3
  66:../Libraries/XMCLib/src/xmc1_gpio.c ****   XMC_ASSERT("XMC_GPIO_Init: Invalid port", XMC_GPIO_CHECK_PORT(port));
  39              	 .loc 1 66 0
  40 0004 4746     	 mov r7,r8
  41              	 .loc 1 72 0
  42 0006 261C     	 mov r6,r4
  66:../Libraries/XMCLib/src/xmc1_gpio.c ****   XMC_ASSERT("XMC_GPIO_Init: Invalid port", XMC_GPIO_CHECK_PORT(port));
  43              	 .loc 1 66 0
  44 0008 80B4     	 push {r7}
  45              	.LCFI1:
  46              	 .cfi_def_cfa_offset 24
  47              	 .cfi_offset 8,-24
  48              	 .loc 1 72 0
  49 000a F827     	 mov r7,#248
  50 000c 0E40     	 and r6,r1
  51 000e F600     	 lsl r6,r6,#3
  52 0010 B740     	 lsl r7,r7,r6
  53 0012 8B08     	 lsr r3,r1,#2
  54 0014 9B00     	 lsl r3,r3,#2
  55 0016 C318     	 add r3,r0,r3
  56 0018 1D69     	 ldr r5,[r3,#16]
  57 001a B046     	 mov r8,r6
  58 001c BD43     	 bic r5,r7
  73:../Libraries/XMCLib/src/xmc1_gpio.c **** 
  74:../Libraries/XMCLib/src/xmc1_gpio.c ****   /* HW port control is disabled */
  75:../Libraries/XMCLib/src/xmc1_gpio.c ****   port->HWSEL &= ~(uint32_t)((uint32_t)PORT_HWSEL_Msk << ((uint32_t)pin << 1U));
  59              	 .loc 1 75 0
  60 001e 4F00     	 lsl r7,r1,#1
  61 0020 BC40     	 lsl r4,r4,r7
  72:../Libraries/XMCLib/src/xmc1_gpio.c **** 
  62              	 .loc 1 72 0
  63 0022 1D61     	 str r5,[r3,#16]
  64              	 .loc 1 75 0
  65 0024 456F     	 ldr r5,[r0,#116]
  76:../Libraries/XMCLib/src/xmc1_gpio.c **** 
  77:../Libraries/XMCLib/src/xmc1_gpio.c ****   /* Set input hysteresis */
  78:../Libraries/XMCLib/src/xmc1_gpio.c ****   port->PHCR[(uint32_t)pin >> 3U] &= ~(uint32_t)((uint32_t)PORT_PHCR_Msk << ((uint32_t)PORT_PHCR_Si
  66              	 .loc 1 78 0
  67 0026 0426     	 mov r6,#4
  75:../Libraries/XMCLib/src/xmc1_gpio.c **** 
  68              	 .loc 1 75 0
  69 0028 A543     	 bic r5,r4
  70 002a 4567     	 str r5,[r0,#116]
  71              	 .loc 1 78 0
  72 002c 0725     	 mov r5,#7
  73 002e 0D40     	 and r5,r1
  74 0030 AD00     	 lsl r5,r5,#2
  75 0032 AE40     	 lsl r6,r6,r5
  76 0034 CC08     	 lsr r4,r1,#3
  77 0036 A400     	 lsl r4,r4,#2
  78 0038 0419     	 add r4,r0,r4
  79 003a 276C     	 ldr r7,[r4,#64]
  80 003c B743     	 bic r7,r6
  81 003e 2764     	 str r7,[r4,#64]
  79:../Libraries/XMCLib/src/xmc1_gpio.c ****   port->PHCR[(uint32_t)pin >> 3U] |= (uint32_t)config->input_hysteresis << ((uint32_t)PORT_PHCR_Siz
  82              	 .loc 1 79 0
  83 0040 5678     	 ldrb r6,[r2,#1]
  84 0042 276C     	 ldr r7,[r4,#64]
  85 0044 AE40     	 lsl r6,r6,r5
  86 0046 351C     	 mov r5,r6
  87 0048 3D43     	 orr r5,r7
  88 004a 2564     	 str r5,[r4,#64]
  80:../Libraries/XMCLib/src/xmc1_gpio.c ****     
  81:../Libraries/XMCLib/src/xmc1_gpio.c ****   /* Enable digital input */
  82:../Libraries/XMCLib/src/xmc1_gpio.c ****   if (XMC_GPIO_CHECK_ANALOG_PORT(port))
  89              	 .loc 1 82 0
  90 004c 0A4C     	 ldr r4,.L6
  91 004e A042     	 cmp r0,r4
  92 0050 0CD0     	 beq .L5
  93              	.L3:
  83:../Libraries/XMCLib/src/xmc1_gpio.c ****   {    
  84:../Libraries/XMCLib/src/xmc1_gpio.c ****     port->PDISC &= ~(uint32_t)((uint32_t)0x1U << pin);
  85:../Libraries/XMCLib/src/xmc1_gpio.c ****   }
  86:../Libraries/XMCLib/src/xmc1_gpio.c ****   /* Set output level */
  87:../Libraries/XMCLib/src/xmc1_gpio.c ****   port->OMR = (uint32_t)config->output_level << pin;
  94              	 .loc 1 87 0
  95 0052 5468     	 ldr r4,[r2,#4]
  88:../Libraries/XMCLib/src/xmc1_gpio.c ****   
  89:../Libraries/XMCLib/src/xmc1_gpio.c ****   /* Set mode */
  90:../Libraries/XMCLib/src/xmc1_gpio.c ****   port->IOCR[pin >> 2U] |= (uint32_t)config->mode << (PORT_IOCR_PC_Size * (pin & 0x3U));
  96              	 .loc 1 90 0
  97 0054 1278     	 ldrb r2,[r2]
  98              	.LVL1:
  87:../Libraries/XMCLib/src/xmc1_gpio.c ****   
  99              	 .loc 1 87 0
 100 0056 8C40     	 lsl r4,r4,r1
 101 0058 4460     	 str r4,[r0,#4]
 102              	 .loc 1 90 0
 103 005a 4046     	 mov r0,r8
 104              	.LVL2:
 105 005c 8240     	 lsl r2,r2,r0
 106 005e 161C     	 mov r6,r2
 107 0060 1969     	 ldr r1,[r3,#16]
 108              	.LVL3:
  91:../Libraries/XMCLib/src/xmc1_gpio.c **** }
 109              	 .loc 1 91 0
 110              	 
  90:../Libraries/XMCLib/src/xmc1_gpio.c **** }
 111              	 .loc 1 90 0
 112 0062 0E43     	 orr r6,r1
 113 0064 1E61     	 str r6,[r3,#16]
 114              	 .loc 1 91 0
 115 0066 04BC     	 pop {r2}
 116 0068 9046     	 mov r8,r2
 117 006a F0BD     	 pop {r4,r5,r6,r7,pc}
 118              	.LVL4:
 119              	.L5:
  84:../Libraries/XMCLib/src/xmc1_gpio.c ****   }
 120              	 .loc 1 84 0
 121 006c 0125     	 mov r5,#1
 122 006e 8D40     	 lsl r5,r5,r1
 123 0070 046E     	 ldr r4,[r0,#96]
 124 0072 AC43     	 bic r4,r5
 125 0074 0466     	 str r4,[r0,#96]
 126 0076 ECE7     	 b .L3
 127              	.L7:
 128              	 .align 2
 129              	.L6:
 130 0078 00020440 	 .word 1074004480
 131              	 .cfi_endproc
 132              	.LFE49:
 134              	 .section .text.XMC_GPIO_SetInputHysteresis,"ax",%progbits
 135              	 .align 2
 136              	 .global XMC_GPIO_SetInputHysteresis
 137              	 .code 16
 138              	 .thumb_func
 140              	XMC_GPIO_SetInputHysteresis:
 141              	.LFB50:
  92:../Libraries/XMCLib/src/xmc1_gpio.c **** 
  93:../Libraries/XMCLib/src/xmc1_gpio.c **** void XMC_GPIO_SetInputHysteresis(XMC_GPIO_PORT_t *const port, 
  94:../Libraries/XMCLib/src/xmc1_gpio.c ****                                  const uint8_t pin, 
  95:../Libraries/XMCLib/src/xmc1_gpio.c ****                                  const XMC_GPIO_INPUT_HYSTERESIS_t hysteresis)
  96:../Libraries/XMCLib/src/xmc1_gpio.c **** {
 142              	 .loc 1 96 0
 143              	 .cfi_startproc
 144              	.LVL5:
 145 0000 10B5     	 push {r4,lr}
 146              	.LCFI2:
 147              	 .cfi_def_cfa_offset 8
 148              	 .cfi_offset 4,-8
 149              	 .cfi_offset 14,-4
  97:../Libraries/XMCLib/src/xmc1_gpio.c ****   XMC_ASSERT("XMC_GPIO_SetInputHysteresis: Invalid port", XMC_GPIO_CHECK_PORT(port));
  98:../Libraries/XMCLib/src/xmc1_gpio.c ****   XMC_ASSERT("XMC_GPIO_SetInputHysteresis: Invalid input hysteresis", XMC_GPIO_CHECK_INPUT_HYSTERES
  99:../Libraries/XMCLib/src/xmc1_gpio.c **** 
 100:../Libraries/XMCLib/src/xmc1_gpio.c ****   port->PHCR[(uint32_t)pin >> 3U] &= ~(uint32_t)((uint32_t)PORT_PHCR_Msk << ((uint32_t)PORT_PHCR_Si
 150              	 .loc 1 100 0
 151 0002 0724     	 mov r4,#7
 152 0004 CB08     	 lsr r3,r1,#3
 153 0006 2140     	 and r1,r4
 154              	.LVL6:
 155 0008 8900     	 lsl r1,r1,#2
 101:../Libraries/XMCLib/src/xmc1_gpio.c ****   port->PHCR[(uint32_t)pin >> 3U] |= (uint32_t)hysteresis << ((uint32_t)PORT_PHCR_Size * ((uint32_t
 156              	 .loc 1 101 0
 157 000a 8A40     	 lsl r2,r2,r1
 158              	.LVL7:
 100:../Libraries/XMCLib/src/xmc1_gpio.c ****   port->PHCR[(uint32_t)pin >> 3U] |= (uint32_t)hysteresis << ((uint32_t)PORT_PHCR_Size * ((uint32_t
 159              	 .loc 1 100 0
 160 000c 033C     	 sub r4,r4,#3
 161 000e 8C40     	 lsl r4,r4,r1
 162              	 .loc 1 101 0
 163 0010 111C     	 mov r1,r2
 164 0012 9B00     	 lsl r3,r3,#2
 165 0014 C018     	 add r0,r0,r3
 166              	.LVL8:
 100:../Libraries/XMCLib/src/xmc1_gpio.c ****   port->PHCR[(uint32_t)pin >> 3U] |= (uint32_t)hysteresis << ((uint32_t)PORT_PHCR_Size * ((uint32_t
 167              	 .loc 1 100 0
 168 0016 036C     	 ldr r3,[r0,#64]
 102:../Libraries/XMCLib/src/xmc1_gpio.c **** }
 169              	 .loc 1 102 0
 170              	 
 100:../Libraries/XMCLib/src/xmc1_gpio.c ****   port->PHCR[(uint32_t)pin >> 3U] |= (uint32_t)hysteresis << ((uint32_t)PORT_PHCR_Size * ((uint32_t
 171              	 .loc 1 100 0
 172 0018 A343     	 bic r3,r4
 173 001a 0364     	 str r3,[r0,#64]
 101:../Libraries/XMCLib/src/xmc1_gpio.c ****   port->PHCR[(uint32_t)pin >> 3U] |= (uint32_t)hysteresis << ((uint32_t)PORT_PHCR_Size * ((uint32_t
 174              	 .loc 1 101 0
 175 001c 036C     	 ldr r3,[r0,#64]
 176 001e 1943     	 orr r1,r3
 177 0020 0164     	 str r1,[r0,#64]
 178              	 .loc 1 102 0
 179 0022 10BD     	 pop {r4,pc}
 180              	 .cfi_endproc
 181              	.LFE50:
 183              	 .text
 184              	.Letext0:
 185              	 .file 2 "c:\\infineon\\tools\\dave ide\\4.5.0.202105191637\\eclipse\\arm-gcc-49\\arm-none-eabi\\include\\machine\\_default_types.h"
 186              	 .file 3 "c:\\infineon\\tools\\dave ide\\4.5.0.202105191637\\eclipse\\arm-gcc-49\\arm-none-eabi\\include\\stdint.h"
 187              	 .file 4 "C:/Users/\261\350\260\346\271\316/Desktop/IFX_S2GL-HW-SW_V1.1.3/Firmware_Software/DAVE project/S2GL_Doppler/Libraries/XMCLib/inc/xmc_gpio.h"
 188              	 .file 5 "C:/Users/\261\350\260\346\271\316/Desktop/IFX_S2GL-HW-SW_V1.1.3/Firmware_Software/DAVE project/S2GL_Doppler/Libraries/XMCLib/inc/xmc1_gpio.h"
DEFINED SYMBOLS
                            *ABS*:00000000 xmc1_gpio.c
    {standard input}:18     .text.XMC_GPIO_Init:00000000 $t
    {standard input}:23     .text.XMC_GPIO_Init:00000000 XMC_GPIO_Init
    {standard input}:130    .text.XMC_GPIO_Init:00000078 $d
    {standard input}:135    .text.XMC_GPIO_SetInputHysteresis:00000000 $t
    {standard input}:140    .text.XMC_GPIO_SetInputHysteresis:00000000 XMC_GPIO_SetInputHysteresis
                     .debug_frame:00000010 $d

NO UNDEFINED SYMBOLS
