   1              	 .cpu cortex-m0
   2              	 .fpu softvfp
   3              	 .eabi_attribute 20,1
   4              	 .eabi_attribute 21,1
   5              	 .eabi_attribute 23,3
   6              	 .eabi_attribute 24,1
   7              	 .eabi_attribute 25,1
   8              	 .eabi_attribute 26,1
   9              	 .eabi_attribute 30,2
  10              	 .eabi_attribute 34,0
  11              	 .eabi_attribute 18,4
  12              	 .code 16
  13              	 .file "xmc_gpio.c"
  14              	 .text
  15              	.Ltext0:
  16              	 .cfi_sections .debug_frame
  17              	 .section .text.XMC_GPIO_SetMode,"ax",%progbits
  18              	 .align 2
  19              	 .global XMC_GPIO_SetMode
  20              	 .code 16
  21              	 .thumb_func
  23              	XMC_GPIO_SetMode:
  24              	.LFB49:
  25              	 .file 1 "../Libraries/XMCLib/src/xmc_gpio.c"
   1:../Libraries/XMCLib/src/xmc_gpio.c **** /**
   2:../Libraries/XMCLib/src/xmc_gpio.c ****  * @file xmc_gpio.c
   3:../Libraries/XMCLib/src/xmc_gpio.c ****  * @date 2015-06-20
   4:../Libraries/XMCLib/src/xmc_gpio.c ****  *
   5:../Libraries/XMCLib/src/xmc_gpio.c ****  * @cond
   6:../Libraries/XMCLib/src/xmc_gpio.c ****   *************************************************************************************************
   7:../Libraries/XMCLib/src/xmc_gpio.c ****  * XMClib v2.1.6 - XMC Peripheral Driver Library 
   8:../Libraries/XMCLib/src/xmc_gpio.c ****  *
   9:../Libraries/XMCLib/src/xmc_gpio.c ****  * Copyright (C) 2015-2019 Infineon Technologies AG
  10:../Libraries/XMCLib/src/xmc_gpio.c ****  * All rights reserved.                        
  11:../Libraries/XMCLib/src/xmc_gpio.c ****  *                                             
  12:../Libraries/XMCLib/src/xmc_gpio.c ****  * Redistribution and use in source and binary forms, with or without modification,are permitted pr
  13:../Libraries/XMCLib/src/xmc_gpio.c ****  * following conditions are met:   
  14:../Libraries/XMCLib/src/xmc_gpio.c ****  *                                                                              
  15:../Libraries/XMCLib/src/xmc_gpio.c ****  * Redistributions of source code must retain the above copyright notice, this list of conditions a
  16:../Libraries/XMCLib/src/xmc_gpio.c ****  * disclaimer.                        
  17:../Libraries/XMCLib/src/xmc_gpio.c ****  * 
  18:../Libraries/XMCLib/src/xmc_gpio.c ****  * Redistributions in binary form must reproduce the above copyright notice, this list of condition
  19:../Libraries/XMCLib/src/xmc_gpio.c ****  * disclaimer in the documentation and/or other materials provided with the distribution.          
  20:../Libraries/XMCLib/src/xmc_gpio.c ****  * 
  21:../Libraries/XMCLib/src/xmc_gpio.c ****  * Neither the name of the copyright holders nor the names of its contributors may be used to endor
  22:../Libraries/XMCLib/src/xmc_gpio.c ****  * products derived from this software without specific prior written permission.                  
  23:../Libraries/XMCLib/src/xmc_gpio.c ****  *                                                                              
  24:../Libraries/XMCLib/src/xmc_gpio.c ****  * THIS SOFTWARE IS PROVIDED BY THE COPYRIGHT HOLDERS AND CONTRIBUTORS "AS IS" AND ANY EXPRESS OR I
  25:../Libraries/XMCLib/src/xmc_gpio.c ****  * INCLUDING, BUT NOT LIMITED TO, THE IMPLIED WARRANTIES OF MERCHANTABILITY AND FITNESS FOR A PARTI
  26:../Libraries/XMCLib/src/xmc_gpio.c ****  * DISCLAIMED. IN NO EVENT SHALL THE COPYRIGHT HOLDER OR CONTRIBUTORS BE LIABLE  FOR ANY DIRECT, IN
  27:../Libraries/XMCLib/src/xmc_gpio.c ****  * SPECIAL, EXEMPLARY, OR CONSEQUENTIAL DAMAGES (INCLUDING, BUT NOT LIMITED TO, PROCUREMENT OF SUBS
  28:../Libraries/XMCLib/src/xmc_gpio.c ****  * SERVICES; LOSS OF USE, DATA, OR PROFITS; OR BUSINESS INTERRUPTION) HOWEVER CAUSED AND ON ANY THE
  29:../Libraries/XMCLib/src/xmc_gpio.c ****  * WHETHER IN CONTRACT, STRICT LIABILITY,OR TORT (INCLUDING NEGLIGENCE OR OTHERWISE) ARISING IN ANY
  30:../Libraries/XMCLib/src/xmc_gpio.c ****  * OF THIS SOFTWARE, EVEN IF ADVISED OF THE POSSIBILITY OF SUCH DAMAGE.                            
  31:../Libraries/XMCLib/src/xmc_gpio.c ****  *                                                                              
  32:../Libraries/XMCLib/src/xmc_gpio.c ****  * To improve the quality of the software, users are encouraged to share modifications, enhancement
  33:../Libraries/XMCLib/src/xmc_gpio.c ****  * Infineon Technologies AG dave@infineon.com).                                                    
  34:../Libraries/XMCLib/src/xmc_gpio.c ****  **************************************************************************************************
  35:../Libraries/XMCLib/src/xmc_gpio.c ****  *
  36:../Libraries/XMCLib/src/xmc_gpio.c ****  * Change History
  37:../Libraries/XMCLib/src/xmc_gpio.c ****  * --------------
  38:../Libraries/XMCLib/src/xmc_gpio.c ****  *
  39:../Libraries/XMCLib/src/xmc_gpio.c ****  * 2015-02-20:
  40:../Libraries/XMCLib/src/xmc_gpio.c ****  *     - Initial draft <br>
  41:../Libraries/XMCLib/src/xmc_gpio.c ****  *      
  42:../Libraries/XMCLib/src/xmc_gpio.c ****  * 2015-06-20:
  43:../Libraries/XMCLib/src/xmc_gpio.c ****  *     - Removed version macros and declaration of GetDriverVersion API
  44:../Libraries/XMCLib/src/xmc_gpio.c ****  *
  45:../Libraries/XMCLib/src/xmc_gpio.c ****  * @endcond
  46:../Libraries/XMCLib/src/xmc_gpio.c ****  *
  47:../Libraries/XMCLib/src/xmc_gpio.c ****  */
  48:../Libraries/XMCLib/src/xmc_gpio.c **** 
  49:../Libraries/XMCLib/src/xmc_gpio.c **** /*******************************************************************************
  50:../Libraries/XMCLib/src/xmc_gpio.c ****  * HEADER FILES
  51:../Libraries/XMCLib/src/xmc_gpio.c ****  *******************************************************************************/
  52:../Libraries/XMCLib/src/xmc_gpio.c **** 
  53:../Libraries/XMCLib/src/xmc_gpio.c **** #include <xmc_gpio.h>
  54:../Libraries/XMCLib/src/xmc_gpio.c **** 
  55:../Libraries/XMCLib/src/xmc_gpio.c **** /*******************************************************************************
  56:../Libraries/XMCLib/src/xmc_gpio.c ****  * MACROS
  57:../Libraries/XMCLib/src/xmc_gpio.c ****  *******************************************************************************/
  58:../Libraries/XMCLib/src/xmc_gpio.c **** 
  59:../Libraries/XMCLib/src/xmc_gpio.c **** #define PORT_HWSEL_Msk PORT0_HWSEL_HW0_Msk
  60:../Libraries/XMCLib/src/xmc_gpio.c **** 
  61:../Libraries/XMCLib/src/xmc_gpio.c **** /*******************************************************************************
  62:../Libraries/XMCLib/src/xmc_gpio.c ****  * API IMPLEMENTATION
  63:../Libraries/XMCLib/src/xmc_gpio.c ****  *******************************************************************************/
  64:../Libraries/XMCLib/src/xmc_gpio.c **** 
  65:../Libraries/XMCLib/src/xmc_gpio.c **** void XMC_GPIO_SetMode(XMC_GPIO_PORT_t *const port, const uint8_t pin, const XMC_GPIO_MODE_t mode)
  66:../Libraries/XMCLib/src/xmc_gpio.c **** {
  26              	 .loc 1 66 0
  27              	 .cfi_startproc
  28              	.LVL0:
  29 0000 10B5     	 push {r4,lr}
  30              	.LCFI0:
  31              	 .cfi_def_cfa_offset 8
  32              	 .cfi_offset 4,-8
  33              	 .cfi_offset 14,-4
  67:../Libraries/XMCLib/src/xmc_gpio.c ****   XMC_ASSERT("XMC_GPIO_SetMode: Invalid port", XMC_GPIO_CHECK_PORT(port));
  68:../Libraries/XMCLib/src/xmc_gpio.c ****   XMC_ASSERT("XMC_GPIO_SetMode: Invalid mode", XMC_GPIO_IsModeValid(mode));
  69:../Libraries/XMCLib/src/xmc_gpio.c **** 
  70:../Libraries/XMCLib/src/xmc_gpio.c ****   port->IOCR[(uint32_t)pin >> 2U] &= ~(uint32_t)((uint32_t)PORT_IOCR_PC_Msk << ((uint32_t)PORT_IOCR
  34              	 .loc 1 70 0
  35 0002 0324     	 mov r4,#3
  36 0004 8B08     	 lsr r3,r1,#2
  37 0006 2140     	 and r1,r4
  38              	.LVL1:
  39 0008 C900     	 lsl r1,r1,#3
  71:../Libraries/XMCLib/src/xmc_gpio.c ****   port->IOCR[(uint32_t)pin >> 2U] |= (uint32_t)mode << ((uint32_t)PORT_IOCR_PC_Size * ((uint32_t)pi
  40              	 .loc 1 71 0
  41 000a 8A40     	 lsl r2,r2,r1
  42              	.LVL2:
  70:../Libraries/XMCLib/src/xmc_gpio.c ****   port->IOCR[(uint32_t)pin >> 2U] |= (uint32_t)mode << ((uint32_t)PORT_IOCR_PC_Size * ((uint32_t)pi
  43              	 .loc 1 70 0
  44 000c F534     	 add r4,r4,#245
  45 000e 8C40     	 lsl r4,r4,r1
  46              	 .loc 1 71 0
  47 0010 111C     	 mov r1,r2
  48 0012 9B00     	 lsl r3,r3,#2
  49 0014 C018     	 add r0,r0,r3
  50              	.LVL3:
  70:../Libraries/XMCLib/src/xmc_gpio.c ****   port->IOCR[(uint32_t)pin >> 2U] |= (uint32_t)mode << ((uint32_t)PORT_IOCR_PC_Size * ((uint32_t)pi
  51              	 .loc 1 70 0
  52 0016 0369     	 ldr r3,[r0,#16]
  72:../Libraries/XMCLib/src/xmc_gpio.c **** }
  53              	 .loc 1 72 0
  54              	 
  70:../Libraries/XMCLib/src/xmc_gpio.c ****   port->IOCR[(uint32_t)pin >> 2U] |= (uint32_t)mode << ((uint32_t)PORT_IOCR_PC_Size * ((uint32_t)pi
  55              	 .loc 1 70 0
  56 0018 A343     	 bic r3,r4
  57 001a 0361     	 str r3,[r0,#16]
  71:../Libraries/XMCLib/src/xmc_gpio.c ****   port->IOCR[(uint32_t)pin >> 2U] |= (uint32_t)mode << ((uint32_t)PORT_IOCR_PC_Size * ((uint32_t)pi
  58              	 .loc 1 71 0
  59 001c 0369     	 ldr r3,[r0,#16]
  60 001e 1943     	 orr r1,r3
  61 0020 0161     	 str r1,[r0,#16]
  62              	 .loc 1 72 0
  63 0022 10BD     	 pop {r4,pc}
  64              	 .cfi_endproc
  65              	.LFE49:
  67              	 .section .text.XMC_GPIO_SetHardwareControl,"ax",%progbits
  68              	 .align 2
  69              	 .global XMC_GPIO_SetHardwareControl
  70              	 .code 16
  71              	 .thumb_func
  73              	XMC_GPIO_SetHardwareControl:
  74              	.LFB50:
  73:../Libraries/XMCLib/src/xmc_gpio.c **** 
  74:../Libraries/XMCLib/src/xmc_gpio.c **** void XMC_GPIO_SetHardwareControl(XMC_GPIO_PORT_t *const port, const uint8_t pin, const XMC_GPIO_HWC
  75:../Libraries/XMCLib/src/xmc_gpio.c **** {
  75              	 .loc 1 75 0
  76              	 .cfi_startproc
  77              	.LVL4:
  78 0000 10B5     	 push {r4,lr}
  79              	.LCFI1:
  80              	 .cfi_def_cfa_offset 8
  81              	 .cfi_offset 4,-8
  82              	 .cfi_offset 14,-4
  76:../Libraries/XMCLib/src/xmc_gpio.c ****   XMC_ASSERT("XMC_GPIO_SetHardwareControl: Invalid port", XMC_GPIO_CHECK_PORT(port));
  77:../Libraries/XMCLib/src/xmc_gpio.c ****   XMC_ASSERT("XMC_GPIO_SetHardwareControl: Invalid hwctrl", XMC_GPIO_CHECK_HWCTRL(hwctrl));
  78:../Libraries/XMCLib/src/xmc_gpio.c **** 
  79:../Libraries/XMCLib/src/xmc_gpio.c ****   port->HWSEL &= ~(uint32_t)((uint32_t)PORT_HWSEL_Msk << ((uint32_t)pin << 1U));
  83              	 .loc 1 79 0
  84 0002 0324     	 mov r4,#3
  85 0004 4900     	 lsl r1,r1,#1
  86              	.LVL5:
  80:../Libraries/XMCLib/src/xmc_gpio.c ****   port->HWSEL |= (uint32_t)hwctrl << ((uint32_t)pin << 1U);
  87              	 .loc 1 80 0
  88 0006 8A40     	 lsl r2,r2,r1
  89              	.LVL6:
  79:../Libraries/XMCLib/src/xmc_gpio.c ****   port->HWSEL |= (uint32_t)hwctrl << ((uint32_t)pin << 1U);
  90              	 .loc 1 79 0
  91 0008 8C40     	 lsl r4,r4,r1
  92              	 .loc 1 80 0
  93 000a 111C     	 mov r1,r2
  79:../Libraries/XMCLib/src/xmc_gpio.c ****   port->HWSEL |= (uint32_t)hwctrl << ((uint32_t)pin << 1U);
  94              	 .loc 1 79 0
  95 000c 436F     	 ldr r3,[r0,#116]
  81:../Libraries/XMCLib/src/xmc_gpio.c **** }
  96              	 .loc 1 81 0
  97              	 
  79:../Libraries/XMCLib/src/xmc_gpio.c ****   port->HWSEL |= (uint32_t)hwctrl << ((uint32_t)pin << 1U);
  98              	 .loc 1 79 0
  99 000e A343     	 bic r3,r4
 100 0010 4367     	 str r3,[r0,#116]
  80:../Libraries/XMCLib/src/xmc_gpio.c ****   port->HWSEL |= (uint32_t)hwctrl << ((uint32_t)pin << 1U);
 101              	 .loc 1 80 0
 102 0012 436F     	 ldr r3,[r0,#116]
 103 0014 1943     	 orr r1,r3
 104 0016 4167     	 str r1,[r0,#116]
 105              	 .loc 1 81 0
 106 0018 10BD     	 pop {r4,pc}
 107              	 .cfi_endproc
 108              	.LFE50:
 110 001a C046     	 .text
 111              	.Letext0:
 112              	 .file 2 "c:\\infineon\\tools\\dave ide\\4.5.0.202105191637\\eclipse\\arm-gcc-49\\arm-none-eabi\\include\\machine\\_default_types.h"
 113              	 .file 3 "c:\\infineon\\tools\\dave ide\\4.5.0.202105191637\\eclipse\\arm-gcc-49\\arm-none-eabi\\include\\stdint.h"
 114              	 .file 4 "C:/Users/\261\350\260\346\271\316/Desktop/IFX_S2GL-HW-SW_V1.1.3/Firmware_Software/DAVE project/S2GL_Doppler/Libraries/XMCLib/inc/xmc_gpio.h"
 115              	 .file 5 "C:/Users/\261\350\260\346\271\316/Desktop/IFX_S2GL-HW-SW_V1.1.3/Firmware_Software/DAVE project/S2GL_Doppler/Libraries/XMCLib/inc/xmc1_gpio.h"
DEFINED SYMBOLS
                            *ABS*:00000000 xmc_gpio.c
    {standard input}:18     .text.XMC_GPIO_SetMode:00000000 $t
    {standard input}:23     .text.XMC_GPIO_SetMode:00000000 XMC_GPIO_SetMode
    {standard input}:68     .text.XMC_GPIO_SetHardwareControl:00000000 $t
    {standard input}:73     .text.XMC_GPIO_SetHardwareControl:00000000 XMC_GPIO_SetHardwareControl
                     .debug_frame:00000010 $d

NO UNDEFINED SYMBOLS
