   1              	 .cpu cortex-m0
   2              	 .fpu softvfp
   3              	 .eabi_attribute 20,1
   4              	 .eabi_attribute 21,1
   5              	 .eabi_attribute 23,3
   6              	 .eabi_attribute 24,1
   7              	 .eabi_attribute 25,1
   8              	 .eabi_attribute 26,1
   9              	 .eabi_attribute 30,2
  10              	 .eabi_attribute 34,0
  11              	 .eabi_attribute 18,4
  12              	 .code 16
  13              	 .file "DAVE.c"
  14              	 .text
  15              	.Ltext0:
  16              	 .cfi_sections .debug_frame
  17              	 .section .text.DAVE_Init,"ax",%progbits
  18              	 .align 2
  19              	 .global DAVE_Init
  20              	 .code 16
  21              	 .thumb_func
  23              	DAVE_Init:
  24              	.LFB286:
  25              	 .file 1 "../Dave/Generated/DAVE.c"
   1:../Dave/Generated/DAVE.c **** 
   2:../Dave/Generated/DAVE.c **** /**
   3:../Dave/Generated/DAVE.c ****  * @cond
   4:../Dave/Generated/DAVE.c ****  **************************************************************************************************
   5:../Dave/Generated/DAVE.c ****  *
   6:../Dave/Generated/DAVE.c ****  * Copyright (C) 2015-2019 Infineon Technologies AG
   7:../Dave/Generated/DAVE.c ****  * All rights reserved.
   8:../Dave/Generated/DAVE.c ****  *
   9:../Dave/Generated/DAVE.c ****  * Redistribution and use in source and binary forms, with or without modification,are permitted pr
  10:../Dave/Generated/DAVE.c ****  * following conditions are met:
  11:../Dave/Generated/DAVE.c ****  *
  12:../Dave/Generated/DAVE.c ****  *   Redistributions of source code must retain the above copyright notice, this list of conditions
  13:../Dave/Generated/DAVE.c ****  *   disclaimer.
  14:../Dave/Generated/DAVE.c ****  *
  15:../Dave/Generated/DAVE.c ****  *   Redistributions in binary form must reproduce the above copyright notice, this list of conditi
  16:../Dave/Generated/DAVE.c ****  *   following disclaimer in the documentation and/or other materials provided with the distributio
  17:../Dave/Generated/DAVE.c ****  *
  18:../Dave/Generated/DAVE.c ****  *   Neither the name of the copyright holders nor the names of its contributors may be used to end
  19:../Dave/Generated/DAVE.c ****  *   products derived from this software without specific prior written permission.
  20:../Dave/Generated/DAVE.c ****  *
  21:../Dave/Generated/DAVE.c ****  * THIS SOFTWARE IS PROVIDED BY THE COPYRIGHT HOLDERS AND CONTRIBUTORS "AS IS" AND ANY EXPRESS OR I
  22:../Dave/Generated/DAVE.c ****  * INCLUDING, BUT NOT LIMITED TO, THE IMPLIED WARRANTIES OF MERCHANTABILITY AND FITNESS FOR A PARTI
  23:../Dave/Generated/DAVE.c ****  * DISCLAIMED. IN NO EVENT SHALL THE COPYRIGHT HOLDER OR CONTRIBUTORS BE LIABLE  FOR ANY DIRECT, IN
  24:../Dave/Generated/DAVE.c ****  * SPECIAL, EXEMPLARY, OR CONSEQUENTIAL DAMAGES (INCLUDING, BUT NOT LIMITED TO, PROCUREMENT OF SUBS
  25:../Dave/Generated/DAVE.c ****  * SERVICES; LOSS OF USE, DATA, OR PROFITS; OR BUSINESS INTERRUPTION) HOWEVER CAUSED AND ON ANY THE
  26:../Dave/Generated/DAVE.c ****  * WHETHER IN CONTRACT, STRICT LIABILITY,OR TORT (INCLUDING NEGLIGENCE OR OTHERWISE) ARISING IN ANY
  27:../Dave/Generated/DAVE.c ****  * USE OF THIS SOFTWARE, EVEN IF ADVISED OF THE POSSIBILITY OF SUCH DAMAGE.
  28:../Dave/Generated/DAVE.c ****  *
  29:../Dave/Generated/DAVE.c ****  * To improve the quality of the software, users are encouraged to share modifications, enhancement
  30:../Dave/Generated/DAVE.c ****  * with Infineon Technologies AG (dave@infineon.com).
  31:../Dave/Generated/DAVE.c ****  **************************************************************************************************
  32:../Dave/Generated/DAVE.c ****  *
  33:../Dave/Generated/DAVE.c ****  * Change History
  34:../Dave/Generated/DAVE.c ****  * --------------
  35:../Dave/Generated/DAVE.c ****  *
  36:../Dave/Generated/DAVE.c ****  * 2014-06-16:
  37:../Dave/Generated/DAVE.c ****  *     - Initial version<br>
  38:../Dave/Generated/DAVE.c ****  * 2015-08-28:
  39:../Dave/Generated/DAVE.c ****  *     - Added CLOCK_XMC1_Init conditionally
  40:../Dave/Generated/DAVE.c ****  *
  41:../Dave/Generated/DAVE.c ****  * @endcond
  42:../Dave/Generated/DAVE.c ****  *
  43:../Dave/Generated/DAVE.c ****  */
  44:../Dave/Generated/DAVE.c **** 
  45:../Dave/Generated/DAVE.c **** /**************************************************************************************************
  46:../Dave/Generated/DAVE.c ****  * HEADER FILES
  47:../Dave/Generated/DAVE.c ****  **************************************************************************************************
  48:../Dave/Generated/DAVE.c **** #include "DAVE.h"
  49:../Dave/Generated/DAVE.c **** 
  50:../Dave/Generated/DAVE.c **** /**************************************************************************************************
  51:../Dave/Generated/DAVE.c ****  * API IMPLEMENTATION
  52:../Dave/Generated/DAVE.c ****  **************************************************************************************************
  53:../Dave/Generated/DAVE.c **** 
  54:../Dave/Generated/DAVE.c **** /*******************************************************************************
  55:../Dave/Generated/DAVE.c ****  * @brief This function initializes the APPs Init Functions.
  56:../Dave/Generated/DAVE.c ****  *
  57:../Dave/Generated/DAVE.c ****  * @param[in]  None
  58:../Dave/Generated/DAVE.c ****  *
  59:../Dave/Generated/DAVE.c ****  * @return  DAVE_STATUS_t <BR>
  60:../Dave/Generated/DAVE.c ****  ******************************************************************************/
  61:../Dave/Generated/DAVE.c **** DAVE_STATUS_t DAVE_Init(void)
  62:../Dave/Generated/DAVE.c **** {
  26              	 .loc 1 62 0
  27              	 .cfi_startproc
  28              	.LVL0:
  29 0000 08B5     	 push {r3,lr}
  30              	.LCFI0:
  31              	 .cfi_def_cfa_offset 8
  32              	 .cfi_offset 3,-8
  33              	 .cfi_offset 14,-4
  63:../Dave/Generated/DAVE.c ****   DAVE_STATUS_t init_status;
  64:../Dave/Generated/DAVE.c ****   
  65:../Dave/Generated/DAVE.c ****   init_status = DAVE_STATUS_SUCCESS;
  66:../Dave/Generated/DAVE.c ****      /** @Initialization of APPs Init Functions */
  67:../Dave/Generated/DAVE.c ****      init_status = (DAVE_STATUS_t)CLOCK_XMC1_Init(&CLOCK_XMC1_0);
  34              	 .loc 1 67 0
  35 0002 1948     	 ldr r0,.L12
  36 0004 FFF7FEFF 	 bl CLOCK_XMC1_Init
  37              	.LVL1:
  68:../Dave/Generated/DAVE.c **** 
  69:../Dave/Generated/DAVE.c ****   if (init_status == DAVE_STATUS_SUCCESS)
  38              	 .loc 1 69 0
  39 0008 0028     	 cmp r0,#0
  40 000a 00D0     	 beq .L11
  41              	.LVL2:
  42              	.L9:
  70:../Dave/Generated/DAVE.c ****   {
  71:../Dave/Generated/DAVE.c **** 	 /**  Initialization of RTC APP instance RTC_0 */
  72:../Dave/Generated/DAVE.c **** 	 init_status = (DAVE_STATUS_t)RTC_Init(&RTC_0); 
  73:../Dave/Generated/DAVE.c ****    } 
  74:../Dave/Generated/DAVE.c ****   if (init_status == DAVE_STATUS_SUCCESS)
  75:../Dave/Generated/DAVE.c ****   {
  76:../Dave/Generated/DAVE.c **** 	 /**  Initialization of TIMER APP instance TIMER_0 */
  77:../Dave/Generated/DAVE.c **** 	 init_status = (DAVE_STATUS_t)TIMER_Init(&TIMER_0); 
  78:../Dave/Generated/DAVE.c ****    } 
  79:../Dave/Generated/DAVE.c ****   if (init_status == DAVE_STATUS_SUCCESS)
  80:../Dave/Generated/DAVE.c ****   {
  81:../Dave/Generated/DAVE.c **** 	 /**  Initialization of ADC_MEASUREMENT APP instance ADC_MEASUREMENT_0 */
  82:../Dave/Generated/DAVE.c **** 	 init_status = (DAVE_STATUS_t)ADC_MEASUREMENT_Init(&ADC_MEASUREMENT_0); 
  83:../Dave/Generated/DAVE.c ****    } 
  84:../Dave/Generated/DAVE.c ****   if (init_status == DAVE_STATUS_SUCCESS)
  85:../Dave/Generated/DAVE.c ****   {
  86:../Dave/Generated/DAVE.c **** 	 /**  Initialization of INTERRUPT APP instance INTERRUPT_0 */
  87:../Dave/Generated/DAVE.c **** 	 init_status = (DAVE_STATUS_t)INTERRUPT_Init(&INTERRUPT_0); 
  88:../Dave/Generated/DAVE.c ****    } 
  89:../Dave/Generated/DAVE.c ****   if (init_status == DAVE_STATUS_SUCCESS)
  90:../Dave/Generated/DAVE.c ****   {
  91:../Dave/Generated/DAVE.c **** 	 /**  Initialization of DIGITAL_IO APP instance LED_ORANGE */
  92:../Dave/Generated/DAVE.c **** 	 init_status = (DAVE_STATUS_t)DIGITAL_IO_Init(&LED_ORANGE); 
  93:../Dave/Generated/DAVE.c ****    } 
  94:../Dave/Generated/DAVE.c ****   if (init_status == DAVE_STATUS_SUCCESS)
  95:../Dave/Generated/DAVE.c ****   {
  96:../Dave/Generated/DAVE.c **** 	 /**  Initialization of DIGITAL_IO APP instance BGT24 */
  97:../Dave/Generated/DAVE.c **** 	 init_status = (DAVE_STATUS_t)DIGITAL_IO_Init(&BGT24); 
  98:../Dave/Generated/DAVE.c ****    } 
  99:../Dave/Generated/DAVE.c ****   if (init_status == DAVE_STATUS_SUCCESS)
 100:../Dave/Generated/DAVE.c ****   {
 101:../Dave/Generated/DAVE.c **** 	 /**  Initialization of DIGITAL_IO APP instance LED_RED */
 102:../Dave/Generated/DAVE.c **** 	 init_status = (DAVE_STATUS_t)DIGITAL_IO_Init(&LED_RED); 
 103:../Dave/Generated/DAVE.c ****    } 
 104:../Dave/Generated/DAVE.c ****   if (init_status == DAVE_STATUS_SUCCESS)
 105:../Dave/Generated/DAVE.c ****   {
 106:../Dave/Generated/DAVE.c **** 	 /**  Initialization of DIGITAL_IO APP instance LED_BLUE */
 107:../Dave/Generated/DAVE.c **** 	 init_status = (DAVE_STATUS_t)DIGITAL_IO_Init(&LED_BLUE); 
 108:../Dave/Generated/DAVE.c ****    } 
 109:../Dave/Generated/DAVE.c ****   if (init_status == DAVE_STATUS_SUCCESS)
 110:../Dave/Generated/DAVE.c ****   {
 111:../Dave/Generated/DAVE.c **** 	 /**  Initialization of UART APP instance UART_0 */
 112:../Dave/Generated/DAVE.c **** 	 init_status = (DAVE_STATUS_t)UART_Init(&UART_0); 
 113:../Dave/Generated/DAVE.c ****    }  
 114:../Dave/Generated/DAVE.c ****   return init_status;
 115:../Dave/Generated/DAVE.c **** } /**  End of function DAVE_Init */
  43              	 .loc 1 115 0
  44              	 
  45 000c 08BD     	 pop {r3,pc}
  46              	.L11:
  72:../Dave/Generated/DAVE.c ****    } 
  47              	 .loc 1 72 0
  48 000e 1748     	 ldr r0,.L12+4
  49              	.LVL3:
  50 0010 FFF7FEFF 	 bl RTC_Init
  51              	.LVL4:
  74:../Dave/Generated/DAVE.c ****   {
  52              	 .loc 1 74 0
  53 0014 0028     	 cmp r0,#0
  54 0016 F9D1     	 bne .L9
  77:../Dave/Generated/DAVE.c ****    } 
  55              	 .loc 1 77 0
  56 0018 1548     	 ldr r0,.L12+8
  57              	.LVL5:
  58 001a FFF7FEFF 	 bl TIMER_Init
  59              	.LVL6:
  79:../Dave/Generated/DAVE.c ****   {
  60              	 .loc 1 79 0
  61 001e 0028     	 cmp r0,#0
  62 0020 F4D1     	 bne .L9
  82:../Dave/Generated/DAVE.c ****    } 
  63              	 .loc 1 82 0
  64 0022 1448     	 ldr r0,.L12+12
  65              	.LVL7:
  66 0024 FFF7FEFF 	 bl ADC_MEASUREMENT_Init
  67              	.LVL8:
  84:../Dave/Generated/DAVE.c ****   {
  68              	 .loc 1 84 0
  69 0028 0028     	 cmp r0,#0
  70 002a EFD1     	 bne .L9
  87:../Dave/Generated/DAVE.c ****    } 
  71              	 .loc 1 87 0
  72 002c 1248     	 ldr r0,.L12+16
  73              	.LVL9:
  74 002e FFF7FEFF 	 bl INTERRUPT_Init
  75              	.LVL10:
  89:../Dave/Generated/DAVE.c ****   {
  76              	 .loc 1 89 0
  77 0032 0028     	 cmp r0,#0
  78 0034 EAD1     	 bne .L9
  92:../Dave/Generated/DAVE.c ****    } 
  79              	 .loc 1 92 0
  80 0036 1148     	 ldr r0,.L12+20
  81              	.LVL11:
  82 0038 FFF7FEFF 	 bl DIGITAL_IO_Init
  83              	.LVL12:
  94:../Dave/Generated/DAVE.c ****   {
  84              	 .loc 1 94 0
  85 003c 0028     	 cmp r0,#0
  86 003e E5D1     	 bne .L9
  97:../Dave/Generated/DAVE.c ****    } 
  87              	 .loc 1 97 0
  88 0040 0F48     	 ldr r0,.L12+24
  89              	.LVL13:
  90 0042 FFF7FEFF 	 bl DIGITAL_IO_Init
  91              	.LVL14:
  99:../Dave/Generated/DAVE.c ****   {
  92              	 .loc 1 99 0
  93 0046 0028     	 cmp r0,#0
  94 0048 E0D1     	 bne .L9
 102:../Dave/Generated/DAVE.c ****    } 
  95              	 .loc 1 102 0
  96 004a 0E48     	 ldr r0,.L12+28
  97              	.LVL15:
  98 004c FFF7FEFF 	 bl DIGITAL_IO_Init
  99              	.LVL16:
 104:../Dave/Generated/DAVE.c ****   {
 100              	 .loc 1 104 0
 101 0050 0028     	 cmp r0,#0
 102 0052 DBD1     	 bne .L9
 107:../Dave/Generated/DAVE.c ****    } 
 103              	 .loc 1 107 0
 104 0054 0C48     	 ldr r0,.L12+32
 105              	.LVL17:
 106 0056 FFF7FEFF 	 bl DIGITAL_IO_Init
 107              	.LVL18:
 109:../Dave/Generated/DAVE.c ****   {
 108              	 .loc 1 109 0
 109 005a 0028     	 cmp r0,#0
 110 005c D6D1     	 bne .L9
 112:../Dave/Generated/DAVE.c ****    }  
 111              	 .loc 1 112 0
 112 005e 0B48     	 ldr r0,.L12+36
 113              	.LVL19:
 114 0060 FFF7FEFF 	 bl UART_Init
 115              	.LVL20:
 116 0064 D2E7     	 b .L9
 117              	.L13:
 118 0066 C046     	 .align 2
 119              	.L12:
 120 0068 00000000 	 .word CLOCK_XMC1_0
 121 006c 00000000 	 .word RTC_0
 122 0070 00000000 	 .word TIMER_0
 123 0074 00000000 	 .word ADC_MEASUREMENT_0
 124 0078 00000000 	 .word INTERRUPT_0
 125 007c 00000000 	 .word LED_ORANGE
 126 0080 00000000 	 .word BGT24
 127 0084 00000000 	 .word LED_RED
 128 0088 00000000 	 .word LED_BLUE
 129 008c 00000000 	 .word UART_0
 130              	 .cfi_endproc
 131              	.LFE286:
 133              	 .text
 134              	.Letext0:
 135              	 .file 2 "c:\\infineon\\tools\\dave ide\\4.5.0.202105191637\\eclipse\\arm-gcc-49\\arm-none-eabi\\include\\machine\\_default_types.h"
 136              	 .file 3 "c:\\infineon\\tools\\dave ide\\4.5.0.202105191637\\eclipse\\arm-gcc-49\\arm-none-eabi\\include\\stdint.h"
 137              	 .file 4 "C:/Users/\261\350\260\346\271\316/Desktop/IFX_S2GL-HW-SW_V1.1.3/Firmware_Software/DAVE project/S2GL_Doppler/Libraries/CMSIS/Infineon/XMC1300_series/Include/XMC1300.h"
 138              	 .file 5 "C:/Users/\261\350\260\346\271\316/Desktop/IFX_S2GL-HW-SW_V1.1.3/Firmware_Software/DAVE project/S2GL_Doppler/Libraries/XMCLib/inc/xmc_scu.h"
 139              	 .file 6 "C:/Users/\261\350\260\346\271\316/Desktop/IFX_S2GL-HW-SW_V1.1.3/Firmware_Software/DAVE project/S2GL_Doppler/Libraries/XMCLib/inc/xmc1_scu.h"
 140              	 .file 7 "../Dave/Generated/CLOCK_XMC1/clock_xmc1.h"
 141              	 .file 8 "../Dave/Generated/GLOBAL_SCU_XMC1/global_scu_xmc1.h"
 142              	 .file 9 "C:/Users/\261\350\260\346\271\316/Desktop/IFX_S2GL-HW-SW_V1.1.3/Firmware_Software/DAVE project/S2GL_Doppler/Libraries/XMCLib/inc/xmc_rtc.h"
 143              	 .file 10 "../Dave/Generated/RTC/rtc.h"
 144              	 .file 11 "C:/Users/\261\350\260\346\271\316/Desktop/IFX_S2GL-HW-SW_V1.1.3/Firmware_Software/DAVE project/S2GL_Doppler/Libraries/XMCLib/inc/xmc_ccu4.h"
 145              	 .file 12 "../Dave/Generated/GLOBAL_CCU4/global_ccu4.h"
 146              	 .file 13 "../Dave/Generated/TIMER/timer.h"
 147              	 .file 14 "C:/Users/\261\350\260\346\271\316/Desktop/IFX_S2GL-HW-SW_V1.1.3/Firmware_Software/DAVE project/S2GL_Doppler/Libraries/XMCLib/inc/xmc_vadc.h"
 148              	 .file 15 "../Dave/Generated/GLOBAL_ADC/global_adc.h"
 149              	 .file 16 "../Dave/Generated/ADC_MEASUREMENT/adc_measurement.h"
 150              	 .file 17 "../Dave/Generated/INTERRUPT/interrupt.h"
 151              	 .file 18 "C:/Users/\261\350\260\346\271\316/Desktop/IFX_S2GL-HW-SW_V1.1.3/Firmware_Software/DAVE project/S2GL_Doppler/Libraries/XMCLib/inc/xmc_gpio.h"
 152              	 .file 19 "C:/Users/\261\350\260\346\271\316/Desktop/IFX_S2GL-HW-SW_V1.1.3/Firmware_Software/DAVE project/S2GL_Doppler/Libraries/XMCLib/inc/xmc1_gpio.h"
 153              	 .file 20 "../Dave/Generated/DIGITAL_IO/digital_io.h"
 154              	 .file 21 "C:/Users/\261\350\260\346\271\316/Desktop/IFX_S2GL-HW-SW_V1.1.3/Firmware_Software/DAVE project/S2GL_Doppler/Libraries/XMCLib/inc/xmc_usic.h"
 155              	 .file 22 "C:/Users/\261\350\260\346\271\316/Desktop/IFX_S2GL-HW-SW_V1.1.3/Firmware_Software/DAVE project/S2GL_Doppler/Libraries/XMCLib/inc/xmc_uart.h"
 156              	 .file 23 "../Dave/Generated/UART/uart.h"
 157              	 .file 24 "../Dave/Generated/DAVE.h"
 158              	 .file 25 "C:/Users/\261\350\260\346\271\316/Desktop/IFX_S2GL-HW-SW_V1.1.3/Firmware_Software/DAVE project/S2GL_Doppler/Libraries/CMSIS/Infineon/XMC1300_series/Include/system_XMC1300.h"
 159              	 .file 26 "../Dave/Generated/CLOCK_XMC1/clock_xmc1_extern.h"
 160              	 .file 27 "../Dave/Generated/RTC/rtc_extern.h"
 161              	 .file 28 "../Dave/Generated/TIMER/timer_extern.h"
 162              	 .file 29 "../Dave/Generated/ADC_MEASUREMENT/ADC_MEASUREMENT_Extern.h"
 163              	 .file 30 "../Dave/Generated/INTERRUPT/interrupt_extern.h"
 164              	 .file 31 "../Dave/Generated/DIGITAL_IO/digital_io_extern.h"
 165              	 .file 32 "../Dave/Generated/UART/uart_extern.h"
DEFINED SYMBOLS
                            *ABS*:00000000 DAVE.c
    {standard input}:18     .text.DAVE_Init:00000000 $t
    {standard input}:23     .text.DAVE_Init:00000000 DAVE_Init
    {standard input}:120    .text.DAVE_Init:00000068 $d
                     .debug_frame:00000010 $d

UNDEFINED SYMBOLS
CLOCK_XMC1_Init
RTC_Init
TIMER_Init
ADC_MEASUREMENT_Init
INTERRUPT_Init
DIGITAL_IO_Init
UART_Init
CLOCK_XMC1_0
RTC_0
TIMER_0
ADC_MEASUREMENT_0
INTERRUPT_0
LED_ORANGE
BGT24
LED_RED
LED_BLUE
UART_0
